<?xml version="1.0" encoding="UTF-8" ?>
<testsuite tests="14" failures="0" name="testRunner.TestRunner" time="0.074" errors="1" skipped="0">
  <properties>
    <property name="java.runtime.name" value="Java(TM) SE Runtime Environment"/>
    <property name="sun.boot.library.path" value="C:\Program Files\Java\jre1.8.0_221\bin"/>
    <property name="java.vm.version" value="25.221-b11"/>
    <property name="java.vm.vendor" value="Oracle Corporation"/>
    <property name="maven.multiModuleProjectDirectory" value="C:\Users\pjayaraj\DssAutomationWorkspace\Test"/>
    <property name="java.vendor.url" value="http://java.oracle.com/"/>
    <property name="path.separator" value=";"/>
    <property name="guice.disable.misplaced.annotation.check" value="true"/>
    <property name="java.vm.name" value="Java HotSpot(TM) 64-Bit Server VM"/>
    <property name="file.encoding.pkg" value="sun.io"/>
    <property name="user.script" value=""/>
    <property name="user.country" value="AU"/>
    <property name="sun.java.launcher" value="SUN_STANDARD"/>
    <property name="sun.os.patch.level" value=""/>
    <property name="java.vm.specification.name" value="Java Virtual Machine Specification"/>
    <property name="user.dir" value="C:\Users\pjayaraj\DssAutomationWorkspace\Test"/>
    <property name="java.runtime.version" value="1.8.0_221-b11"/>
    <property name="java.awt.graphicsenv" value="sun.awt.Win32GraphicsEnvironment"/>
    <property name="java.endorsed.dirs" value="C:\Program Files\Java\jre1.8.0_221\lib\endorsed"/>
    <property name="os.arch" value="amd64"/>
    <property name="java.io.tmpdir" value="C:\Users\pjayaraj\AppData\Local\Temp\"/>
    <property name="line.separator" value="
"/>
    <property name="java.vm.specification.vendor" value="Oracle Corporation"/>
    <property name="user.variant" value=""/>
    <property name="os.name" value="Windows 10"/>
    <property name="classworlds.conf" value="C:\Program Files\apache-maven-3.6.2\bin\..\bin\m2.conf"/>
    <property name="sun.jnu.encoding" value="Cp1252"/>
    <property name="java.library.path" value="C:\Program Files (x86)\Common Files\Oracle\Java\javapath;C:\WINDOWS\Sun\Java\bin;C:\WINDOWS\system32;C:\WINDOWS;C:\Program Files (x86)\Common Files\Oracle\Java\javapath;C:\WINDOWS\system32;C:\WINDOWS;C:\WINDOWS\System32\Wbem;C:\WINDOWS\System32\WindowsPowerShell\v1.0\;C:\Program Files\Intel\WiFi\bin\;C:\Program Files\Common Files\Intel\WirelessCommon\;C:\Program Files (x86)\Java\jre1.8.0_221\bin;C:\Program Files\apache-maven-3.6.2\bin;C:\Program Files\Git\cmd;C:\Users\pjayaraj\AppData\Local\Microsoft\WindowsApps;C:\Users\pjayaraj\AppData\Local\Programs\Microsoft VS Code\bin;C:\Program Files\apache-maven-3.6.2\bin\;C:\Users\pjayaraj\AppData\Local\GitHubDesktop\bin;."/>
    <property name="maven.conf" value="C:\Program Files\apache-maven-3.6.2\bin\../conf"/>
    <property name="java.specification.name" value="Java Platform API Specification"/>
    <property name="java.class.version" value="52.0"/>
    <property name="sun.management.compiler" value="HotSpot 64-Bit Tiered Compilers"/>
    <property name="os.version" value="10.0"/>
    <property name="library.jansi.path" value="C:\Program Files\apache-maven-3.6.2\bin\..\lib\jansi-native"/>
    <property name="user.home" value="C:\Users\pjayaraj"/>
    <property name="user.timezone" value="Asia/Calcutta"/>
    <property name="java.awt.printerjob" value="sun.awt.windows.WPrinterJob"/>
    <property name="java.specification.version" value="1.8"/>
    <property name="file.encoding" value="Cp1252"/>
    <property name="user.name" value="pjayaraj"/>
    <property name="java.class.path" value="C:\Program Files\apache-maven-3.6.2\bin\..\boot\plexus-classworlds-2.6.0.jar"/>
    <property name="java.vm.specification.version" value="1.8"/>
    <property name="sun.arch.data.model" value="64"/>
    <property name="java.home" value="C:\Program Files\Java\jre1.8.0_221"/>
    <property name="sun.java.command" value="org.codehaus.plexus.classworlds.launcher.Launcher verify"/>
    <property name="java.specification.vendor" value="Oracle Corporation"/>
    <property name="user.language" value="en"/>
    <property name="awt.toolkit" value="sun.awt.windows.WToolkit"/>
    <property name="java.vm.info" value="mixed mode"/>
    <property name="java.version" value="1.8.0_221"/>
    <property name="java.ext.dirs" value="C:\Program Files\Java\jre1.8.0_221\lib\ext;C:\WINDOWS\Sun\Java\lib\ext"/>
    <property name="sun.boot.class.path" value="C:\Program Files\Java\jre1.8.0_221\lib\resources.jar;C:\Program Files\Java\jre1.8.0_221\lib\rt.jar;C:\Program Files\Java\jre1.8.0_221\lib\sunrsasign.jar;C:\Program Files\Java\jre1.8.0_221\lib\jsse.jar;C:\Program Files\Java\jre1.8.0_221\lib\jce.jar;C:\Program Files\Java\jre1.8.0_221\lib\charsets.jar;C:\Program Files\Java\jre1.8.0_221\lib\jfr.jar;C:\Program Files\Java\jre1.8.0_221\classes"/>
    <property name="sun.stderr.encoding" value="cp850"/>
    <property name="java.vendor" value="Oracle Corporation"/>
    <property name="maven.home" value="C:\Program Files\apache-maven-3.6.2\bin\.."/>
    <property name="file.separator" value="\"/>
    <property name="java.vendor.url.bug" value="http://bugreport.sun.com/bugreport/"/>
    <property name="sun.cpu.endian" value="little"/>
    <property name="sun.io.unicode.encoding" value="UnicodeLittle"/>
    <property name="sun.stdout.encoding" value="cp850"/>
    <property name="sun.desktop" value="windows"/>
    <property name="sun.cpu.isalist" value="amd64"/>
  </properties>
  <testcase classname="| zzDummyAutoTestItem | Test | Test | 07/10/2019 | Winter | 2019 | Test | Apparel Consolidation | EACH | 991 - APPAREL DUMMY DEPT | Private | Generic | ADVANCE | Fashion Line |" name="Given Login Dss+ Application with Valid User Details" time="0.003"/>
  <testcase classname="| zzDummyAutoTestItem | Test | Test | 07/10/2019 | Winter | 2019 | Test | Apparel Consolidation | EACH | 991 - APPAREL DUMMY DEPT | Private | Generic | ADVANCE | Fashion Line |" name="When User is on Home Page Click on New Item Tab and Click Create New Item" time="0"/>
  <testcase classname="| zzDummyAutoTestItem | Test | Test | 07/10/2019 | Winter | 2019 | Test | Apparel Consolidation | EACH | 991 - APPAREL DUMMY DEPT | Private | Generic | ADVANCE | Fashion Line |" name="And Enter the Required Field Values for &quot;zzDummyAutoTestItem&quot; &quot;Test&quot; &quot;Test&quot; &quot;07/10/2019&quot; &quot;Generic&quot; &quot;Winter&quot; &quot;2019&quot; &quot;Test&quot; &quot;Apparel Consolidation&quot; &quot;EACH&quot; &quot;991 - APPAREL DUMMY DEPT&quot; &quot;Private&quot; &quot;ADVANCE&quot; &quot;Fashion Line&quot;in Header Tab and Click Save" time="0"/>
  <testcase classname="| zzDummyAutoTestItem | Test | Test | 07/10/2019 | Winter | 2019 | Test | Apparel Consolidation | EACH | 991 - APPAREL DUMMY DEPT | Private | Generic | ADVANCE | Fashion Line |" name="And Enter the Required Field Values for Colour Tab" time="0"/>
  <testcase classname="| zzDummyAutoTestItem | Test | Test | 07/10/2019 | Winter | 2019 | Test | Apparel Consolidation | EACH | 991 - APPAREL DUMMY DEPT | Private | Generic | ADVANCE | Fashion Line |" name="And Enter the Required Field Values for Requirement Tab" time="0"/>
  <testcase classname="| zzDummyAutoTestItem | Test | Test | 07/10/2019 | Winter | 2019 | Test | Apparel Consolidation | EACH | 991 - APPAREL DUMMY DEPT | Private | Generic | ADVANCE | Fashion Line |" name="And Enter the Required Field Values for Specification Tab" time="0"/>
  <testcase classname="| zzDummyAutoTestItem | Test | Test | 07/10/2019 | Winter | 2019 | Test | Apparel Consolidation | EACH | 991 - APPAREL DUMMY DEPT | Private | Generic | ADVANCE | Fashion Line |" name="Then The Values Should be Saved Successfully" time="0"/>
  <testcase classname="| zzDummyAutoTestItem | Test | Test | 07/10/2019 | Winter | 2019 | Test | Apparel Consolidation | EACH | 991 - APPAREL DUMMY DEPT | Private | Generic | ADVANCE | Fashion Line |" name="| zzDummyAutoTestItem | Test | Test | 07/10/2019 | Winter | 2019 | Test | Apparel Consolidation | EACH | 991 - APPAREL DUMMY DEPT | Private | Generic | ADVANCE | Fashion Line |" time="0.001"/>
  <testcase classname="| zzDummyAutoTestItem | Test | Test | 30/09/2019 | Winter | 2019 | Test | Apparel Consolidation | EACH |  | Private | Generic | ADVANCE | Fashion Line |" name="Given Login Dss+ Application with Valid User Details" time="0"/>
  <testcase classname="| zzDummyAutoTestItem | Test | Test | 30/09/2019 | Winter | 2019 | Test | Apparel Consolidation | EACH |  | Private | Generic | ADVANCE | Fashion Line |" name="When User is on Home Page Click on New Item Tab and Click Create New Item" time="0"/>
  <testcase classname="| zzDummyAutoTestItem | Test | Test | 30/09/2019 | Winter | 2019 | Test | Apparel Consolidation | EACH |  | Private | Generic | ADVANCE | Fashion Line |" name="And Enter the Required Field Values for &quot;zzDummyAutoTestItem&quot; &quot;Test&quot; &quot;Test&quot; &quot;30/09/2019&quot; &quot;Generic&quot; &quot;Winter&quot; &quot;2019&quot; &quot;Test&quot; &quot;Apparel Consolidation&quot; &quot;EACH&quot; &quot;&quot; &quot;Private&quot; &quot;ADVANCE&quot; &quot;Fashion Line&quot;in Header Tab and Click Save" time="0"/>
  <testcase classname="| zzDummyAutoTestItem | Test | Test | 30/09/2019 | Winter | 2019 | Test | Apparel Consolidation | EACH |  | Private | Generic | ADVANCE | Fashion Line |" name="Then The Warning Message Should be displayed Successfully as &quot;Product Category: Mandatory field is missing.&quot;" time="0"/>
  <testcase classname="| zzDummyAutoTestItem | Test | Test | 30/09/2019 | Winter | 2019 | Test | Apparel Consolidation | EACH |  | Private | Generic | ADVANCE | Fashion Line |" name="| zzDummyAutoTestItem | Test | Test | 30/09/2019 | Winter | 2019 | Test | Apparel Consolidation | EACH |  | Private | Generic | ADVANCE | Fashion Line |" time="0.001"/>
  <testcase classname="testRunner.TestRunner" name="testRunner.TestRunner" time="0.069">
    <error type="java.lang.NullPointerException">java.lang.NullPointerException
	at com.vimalselvam.cucumber.listener.Reporter.loadXMLConfig(Reporter.java:66)
	at testRunner.TestRunner.writeExtentReport(TestRunner.java:42)
	at sun.reflect.NativeMethodAccessorImpl.invoke0(Native Method)
	at sun.reflect.NativeMethodAccessorImpl.invoke(Unknown Source)
	at sun.reflect.DelegatingMethodAccessorImpl.invoke(Unknown Source)
	at java.lang.reflect.Method.invoke(Unknown Source)
	at org.junit.runners.model.FrameworkMethod$1.runReflectiveCall(FrameworkMethod.java:50)
	at org.junit.internal.runners.model.ReflectiveCallable.run(ReflectiveCallable.java:12)
	at org.junit.runners.model.FrameworkMethod.invokeExplosively(FrameworkMethod.java:47)
	at org.junit.internal.runners.statements.RunAfters.evaluate(RunAfters.java:33)
	at org.junit.runners.ParentRunner.run(ParentRunner.java:363)
	at cucumber.api.junit.Cucumber.run(Cucumber.java:100)
	at org.apache.maven.surefire.junit4.JUnit4Provider.execute(JUnit4Provider.java:252)
	at org.apache.maven.surefire.junit4.JUnit4Provider.executeTestSet(JUnit4Provider.java:141)
	at org.apache.maven.surefire.junit4.JUnit4Provider.invoke(JUnit4Provider.java:112)
	at sun.reflect.NativeMethodAccessorImpl.invoke0(Native Method)
	at sun.reflect.NativeMethodAccessorImpl.invoke(Unknown Source)
	at sun.reflect.DelegatingMethodAccessorImpl.invoke(Unknown Source)
	at java.lang.reflect.Method.invoke(Unknown Source)
	at org.apache.maven.surefire.util.ReflectionUtils.invokeMethodWithArray(ReflectionUtils.java:189)
	at org.apache.maven.surefire.booter.ProviderFactory$ProviderProxy.invoke(ProviderFactory.java:165)
	at org.apache.maven.surefire.booter.ProviderFactory.invokeProvider(ProviderFactory.java:85)
	at org.apache.maven.surefire.booter.ForkedBooter.runSuitesInProcess(ForkedBooter.java:115)
	at org.apache.maven.surefire.booter.ForkedBooter.main(ForkedBooter.java:75)
</error>
    <system-out>
  Scenario Outline: Invite Vendor without  Mandatory Input Data for Department                                                                                                                                                 &amp;#27;[90m# features/Item.feature:24&amp;#27;[0m
    &amp;#27;[32mGiven &amp;#27;[0m&amp;#27;[32mLogin Dss+ Application with Valid User Details&amp;#27;[0m                                                                                                                                                                       &amp;#27;[90m# StepDefinitions.login_Dss_Application_with_Valid_User_Details()&amp;#27;[0m
    &amp;#27;[32mWhen &amp;#27;[0m&amp;#27;[32mUser is on Home Page Click on New Item Tab and Click Create New Item&amp;#27;[0m                                                                                                                                                  &amp;#27;[90m# StepDefinitions.user_is_on_Home_Page_Click_on_New_Item_Tab_and_Click_Create_New_Item()&amp;#27;[0m
    &amp;#27;[32mAnd &amp;#27;[0m&amp;#27;[32mEnter the Required Field Values for &quot;&amp;#27;[0m&amp;#27;[32m&amp;#27;[1mzzDummyAutoTestItem&amp;#27;[0m&amp;#27;[32m&quot; &quot;&amp;#27;[0m&amp;#27;[32m&amp;#27;[1mTest&amp;#27;[0m&amp;#27;[32m&quot; &quot;&amp;#27;[0m&amp;#27;[32m&amp;#27;[1mTest&amp;#27;[0m&amp;#27;[32m&quot; &quot;&amp;#27;[0m&amp;#27;[32m&amp;#27;[1m30/09/2019&amp;#27;[0m&amp;#27;[32m&quot; &quot;&amp;#27;[0m&amp;#27;[32m&amp;#27;[1mGeneric&amp;#27;[0m&amp;#27;[32m&quot; &quot;&amp;#27;[0m&amp;#27;[32m&amp;#27;[1mWinter&amp;#27;[0m&amp;#27;[32m&quot; &quot;&amp;#27;[0m&amp;#27;[32m&amp;#27;[1m2019&amp;#27;[0m&amp;#27;[32m&quot; &quot;&amp;#27;[0m&amp;#27;[32m&amp;#27;[1mTest&amp;#27;[0m&amp;#27;[32m&quot; &quot;&amp;#27;[0m&amp;#27;[32m&amp;#27;[1mApparel Consolidation&amp;#27;[0m&amp;#27;[32m&quot; &quot;&amp;#27;[0m&amp;#27;[32m&amp;#27;[1mEACH&amp;#27;[0m&amp;#27;[32m&quot; &quot;&amp;#27;[0m&amp;#27;[32m&amp;#27;[1m&amp;#27;[0m&amp;#27;[32m&quot; &quot;&amp;#27;[0m&amp;#27;[32m&amp;#27;[1mPrivate&amp;#27;[0m&amp;#27;[32m&quot; &quot;&amp;#27;[0m&amp;#27;[32m&amp;#27;[1mADVANCE&amp;#27;[0m&amp;#27;[32m&quot; &quot;&amp;#27;[0m&amp;#27;[32m&amp;#27;[1mFashion Line&amp;#27;[0m&amp;#27;[32m&quot;in Header Tab and Click Save&amp;#27;[0m &amp;#27;[90m# StepDefinitions.enter_the_Required_Field_Values_for_in_Header_Tab_and_Click_Save(String,String,String,String,String,String,String,String,String,String,String,String,String,String)&amp;#27;[0m
    &amp;#27;[32mThen &amp;#27;[0m&amp;#27;[32mThe Warning Message Should be displayed Successfully as &quot;&amp;#27;[0m&amp;#27;[32m&amp;#27;[1mProduct Category: Mandatory field is missing.&amp;#27;[0m&amp;#27;[32m&quot;&amp;#27;[0m                                                                                                               &amp;#27;[90m# StepDefinitions.the_Warning_Message_Should_be_displayed_Successfully_as(String)&amp;#27;[0m
</system-out>
  </testcase>
</testsuite>